<?xml version="1.0" encoding="UTF-8"?>
<testng-results ignored="0" total="2" passed="1" failed="1" skipped="0">
  <reporter-output>
  </reporter-output>
  <suite started-at="2020-11-24T13:30:04 BDT" name="Default suite" finished-at="2020-11-24T13:31:28 BDT" duration-ms="84594">
    <groups>
    </groups>
    <test started-at="2020-11-24T13:30:04 BDT" name="Default test" finished-at="2020-11-24T13:31:28 BDT" duration-ms="84594">
      <class name="wpdev.nx.testcases.NX_SalesNotification">
        <test-method signature="invokeBrowser()[pri:0, instance:wpdev.nx.testcases.NX_SalesNotification@55182842]" started-at="2020-11-24T13:30:04 BDT" name="invokeBrowser" finished-at="2020-11-24T13:30:09 BDT" duration-ms="5619" status="PASS">
          <reporter-output>
          </reporter-output>
        </test-method> <!-- invokeBrowser -->
        <test-method signature="nxSalesTestCase()[pri:0, instance:wpdev.nx.testcases.NX_SalesNotification@55182842]" started-at="2020-11-24T13:30:09 BDT" name="nxSalesTestCase" finished-at="2020-11-24T13:31:28 BDT" depends-on-methods="wpdev.nx.testcases.NX_SalesNotification.invokeBrowser" duration-ms="78939" status="FAIL">
          <exception class="java.lang.AssertionError">
            <message>
              <![CDATA[The following asserts failed:
expected [Mr. S just purchased1] but found [Mr. S just purchased]]]>
            </message>
            <full-stacktrace>
              <![CDATA[java.lang.AssertionError: The following asserts failed:
expected [Mr. S just purchased1] but found [Mr. S just purchased]
at org.testng.asserts.SoftAssert.assertAll(SoftAssert.java:47)
at org.testng.asserts.SoftAssert.assertAll(SoftAssert.java:31)
at wpdev.nx.NxSalesNotification.salesNotification(NxSalesNotification.java:283)
at wpdev.nx.NxSalesNotification.buy_product(NxSalesNotification.java:224)
at wpdev.nx.NxSalesNotification.nxSalesNotificationCreate(NxSalesNotification.java:193)
at wpdev.nx.testcases.NX_SalesNotification.nxSalesTestCase(NX_SalesNotification.java:26)
at java.base/jdk.internal.reflect.NativeMethodAccessorImpl.invoke0(Native Method)
at java.base/jdk.internal.reflect.NativeMethodAccessorImpl.invoke(NativeMethodAccessorImpl.java:64)
at java.base/jdk.internal.reflect.DelegatingMethodAccessorImpl.invoke(DelegatingMethodAccessorImpl.java:43)
at java.base/java.lang.reflect.Method.invoke(Method.java:564)
at org.testng.internal.MethodInvocationHelper.invokeMethod(MethodInvocationHelper.java:132)
at org.testng.internal.TestInvoker.invokeMethod(TestInvoker.java:599)
at org.testng.internal.TestInvoker.invokeTestMethod(TestInvoker.java:174)
at org.testng.internal.MethodRunner.runInSequence(MethodRunner.java:46)
at org.testng.internal.TestInvoker$MethodInvocationAgent.invoke(TestInvoker.java:822)
at org.testng.internal.TestInvoker.invokeTestMethods(TestInvoker.java:147)
at org.testng.internal.TestMethodWorker.invokeTestMethods(TestMethodWorker.java:146)
at org.testng.internal.TestMethodWorker.run(TestMethodWorker.java:128)
at java.base/java.util.ArrayList.forEach(ArrayList.java:1511)
at org.testng.TestRunner.privateRun(TestRunner.java:764)
at org.testng.TestRunner.run(TestRunner.java:585)
at org.testng.SuiteRunner.runTest(SuiteRunner.java:384)
at org.testng.SuiteRunner.runSequentially(SuiteRunner.java:378)
at org.testng.SuiteRunner.privateRun(SuiteRunner.java:337)
at org.testng.SuiteRunner.run(SuiteRunner.java:286)
at org.testng.SuiteRunnerWorker.runSuite(SuiteRunnerWorker.java:53)
at org.testng.SuiteRunnerWorker.run(SuiteRunnerWorker.java:96)
at org.testng.TestNG.runSuitesSequentially(TestNG.java:1218)
at org.testng.TestNG.runSuitesLocally(TestNG.java:1140)
at org.testng.TestNG.runSuites(TestNG.java:1069)
at org.testng.TestNG.run(TestNG.java:1037)
at org.testng.remote.AbstractRemoteTestNG.run(AbstractRemoteTestNG.java:115)
at org.testng.remote.RemoteTestNG.initAndRun(RemoteTestNG.java:251)
at org.testng.remote.RemoteTestNG.main(RemoteTestNG.java:77)
]]>
            </full-stacktrace>
          </exception> <!-- java.lang.AssertionError -->
          <reporter-output>
          </reporter-output>
        </test-method> <!-- nxSalesTestCase -->
      </class> <!-- wpdev.nx.testcases.NX_SalesNotification -->
    </test> <!-- Default test -->
  </suite> <!-- Default suite -->
</testng-results>
